<?xml version="1.0" encoding="UTF-8"?>
<robot generator="Robot 3.2.2 (Python 3.8.5 on darwin)" generated="20200920 01:52:10.080" rpa="false">
<suite id="s1" name="Get-Request" source="/Users/ashutoshsinha/go/src/github.com/ashutoshkumarsinha/k8sexample/get-request.robot">
<test id="s1-t1" name="RESTinstance: Should have 200 status code and message with pong as value">
<kw name="Get" library="REST">
<tags>
<tag>http</tag>
</tags>
<doc>*Sends a GET request to the endpoint.*</doc>
<arguments>
<arg>ping</arg>
</arguments>
<status status="PASS" starttime="20200920 01:52:10.426" endtime="20200920 01:52:10.485"></status>
</kw>
<kw name="Integer" library="REST">
<tags>
<tag>assertions</tag>
</tags>
<doc>*Asserts the field as JSON integer.*</doc>
<arguments>
<arg>response status</arg>
<arg>200</arg>
</arguments>
<status status="PASS" starttime="20200920 01:52:10.485" endtime="20200920 01:52:10.486"></status>
</kw>
<kw name="String" library="REST">
<tags>
<tag>assertions</tag>
</tags>
<doc>*Asserts the field as JSON string.*</doc>
<arguments>
<arg>$.message</arg>
<arg>pong</arg>
</arguments>
<status status="PASS" starttime="20200920 01:52:10.487" endtime="20200920 01:52:10.520"></status>
</kw>
<kw name="Output" library="REST">
<tags>
<tag>I/O</tag>
</tags>
<doc>*Outputs JSON to terminal or a file.*</doc>
<arguments>
<arg>$</arg>
</arguments>
<msg timestamp="20200920 01:52:10.521" level="INFO">
{
    "message": "pong"
}</msg>
<status status="PASS" starttime="20200920 01:52:10.520" endtime="20200920 01:52:10.532"></status>
</kw>
<status status="PASS" starttime="20200920 01:52:10.425" endtime="20200920 01:52:10.532" critical="yes"></status>
</test>
<status status="PASS" starttime="20200920 01:52:10.082" endtime="20200920 01:52:10.533"></status>
</suite>
<statistics>
<total>
<stat pass="1" fail="0">Critical Tests</stat>
<stat pass="1" fail="0">All Tests</stat>
</total>
<tag>
</tag>
<suite>
<stat pass="1" fail="0" id="s1" name="Get-Request">Get-Request</stat>
</suite>
</statistics>
<errors>
</errors>
</robot>
